11:14:41.869 logback-mybatis [main] INFO  com.example.Demo2Application - Starting Demo2Application on Stu1001 with PID 7056 (F:\wks-sts\demo2\target\classes started by Administrator in F:\wks-sts\demo2)
11:14:41.872 logback-mybatis [main] INFO  com.example.Demo2Application - No active profile set, falling back to default profiles: default
11:14:42.051 logback-mybatis [main] INFO  o.s.b.w.s.c.AnnotationConfigServletWebServerApplicationContext - Refreshing org.springframework.boot.web.servlet.context.AnnotationConfigServletWebServerApplicationContext@1c1bbc4e: startup date [Mon Aug 13 11:14:42 CST 2018]; root of context hierarchy
11:14:43.677 logback-mybatis [main] INFO  o.s.c.s.PostProcessorRegistrationDelegate$BeanPostProcessorChecker - Bean 'org.springframework.transaction.annotation.ProxyTransactionManagementConfiguration' of type [org.springframework.transaction.annotation.ProxyTransactionManagementConfiguration$$EnhancerBySpringCGLIB$$910aab99] is not eligible for getting processed by all BeanPostProcessors (for example: not eligible for auto-proxying)
11:14:44.308 logback-mybatis [main] INFO  o.s.b.w.e.tomcat.TomcatWebServer - Tomcat initialized with port(s): 8081 (http)
11:14:44.324 logback-mybatis [main] INFO  o.a.coyote.http11.Http11NioProtocol - Initializing ProtocolHandler ["http-nio-8081"]
11:14:44.336 logback-mybatis [main] INFO  o.a.catalina.core.StandardService - Starting service [Tomcat]
11:14:44.337 logback-mybatis [main] INFO  o.a.catalina.core.StandardEngine - Starting Servlet Engine: Apache Tomcat/8.5.32
11:14:44.347 logback-mybatis [localhost-startStop-1] INFO  o.a.c.core.AprLifecycleListener - The APR based Apache Tomcat Native library which allows optimal performance in production environments was not found on the java.library.path: [C:\Program Files\Java\jre1.8.0_151\bin;C:\Windows\Sun\Java\bin;C:\Windows\system32;C:\Windows;C:/Program Files/Java/jre1.8.0_151/bin/server;C:/Program Files/Java/jre1.8.0_151/bin;C:/Program Files/Java/jre1.8.0_151/lib/amd64;E:\app\Administrator\product\11.2.0\dbhome_1\bin;C:\ProgramData\Oracle\Java\javapath;C:\Windows\system32;C:\Windows;C:\Windows\System32\Wbem;C:\Windows\System32\WindowsPowerShell\v1.0\;.;C:\Program Files\Java\jdk1.8.0_151\bin;.;D:\apache-tomcat-9.0.10\lib;D:\apache-tomcat-9.0.10\lib\servlet-api.jar;D:\apache-tomcat-9.0.10\lib\jsp-api.jar;C:\Program Files\Git\cmd;C:\Program Files\TortoiseGit\bin;C:\Program Files\VisualSVN Server\bin;C:\Program Files\TortoiseSVN\bin;.;C:\maven\apache-maven-3.3.9\bin;F:\sts-bundle\sts-3.6.3.SR1;;.]
11:14:44.484 logback-mybatis [localhost-startStop-1] INFO  o.a.c.c.C.[Tomcat].[localhost].[/] - Initializing Spring embedded WebApplicationContext
11:14:44.485 logback-mybatis [localhost-startStop-1] INFO  o.s.web.context.ContextLoader - Root WebApplicationContext: initialization completed in 2434 ms
11:14:45.523 logback-mybatis [localhost-startStop-1] INFO  o.s.b.w.s.FilterRegistrationBean - Mapping filter: 'characterEncodingFilter' to: [/*]
11:14:45.524 logback-mybatis [localhost-startStop-1] INFO  o.s.b.w.s.FilterRegistrationBean - Mapping filter: 'webMvcMetricsFilter' to: [/*]
11:14:45.524 logback-mybatis [localhost-startStop-1] INFO  o.s.b.w.s.FilterRegistrationBean - Mapping filter: 'hiddenHttpMethodFilter' to: [/*]
11:14:45.524 logback-mybatis [localhost-startStop-1] INFO  o.s.b.w.s.FilterRegistrationBean - Mapping filter: 'httpPutFormContentFilter' to: [/*]
11:14:45.524 logback-mybatis [localhost-startStop-1] INFO  o.s.b.w.s.FilterRegistrationBean - Mapping filter: 'requestContextFilter' to: [/*]
11:14:45.525 logback-mybatis [localhost-startStop-1] INFO  o.s.b.w.s.FilterRegistrationBean - Mapping filter: 'httpTraceFilter' to: [/*]
11:14:45.527 logback-mybatis [localhost-startStop-1] INFO  o.s.b.w.s.ServletRegistrationBean - Servlet dispatcherServlet mapped to [/]
11:14:45.896 logback-mybatis [main] INFO  o.s.w.s.h.SimpleUrlHandlerMapping - Mapped URL path [/**/favicon.ico] onto handler of type [class org.springframework.web.servlet.resource.ResourceHttpRequestHandler]
11:14:46.110 logback-mybatis [main] INFO  o.s.w.s.m.m.a.RequestMappingHandlerAdapter - Looking for @ControllerAdvice: org.springframework.boot.web.servlet.context.AnnotationConfigServletWebServerApplicationContext@1c1bbc4e: startup date [Mon Aug 13 11:14:42 CST 2018]; root of context hierarchy
11:14:46.188 logback-mybatis [main] INFO  o.s.w.s.m.m.a.RequestMappingHandlerMapping - Mapped "{[/author/{id}],methods=[GET]}" onto public com.example.model.Author com.example.controller.AuthorController.getOneAuthor(int)
11:14:46.191 logback-mybatis [main] INFO  o.s.w.s.m.m.a.RequestMappingHandlerMapping - Mapped "{[/error]}" onto public org.springframework.http.ResponseEntity<java.util.Map<java.lang.String, java.lang.Object>> org.springframework.boot.autoconfigure.web.servlet.error.BasicErrorController.error(javax.servlet.http.HttpServletRequest)
11:14:46.192 logback-mybatis [main] INFO  o.s.w.s.m.m.a.RequestMappingHandlerMapping - Mapped "{[/error],produces=[text/html]}" onto public org.springframework.web.servlet.ModelAndView org.springframework.boot.autoconfigure.web.servlet.error.BasicErrorController.errorHtml(javax.servlet.http.HttpServletRequest,javax.servlet.http.HttpServletResponse)
11:14:46.235 logback-mybatis [main] INFO  o.s.w.s.h.SimpleUrlHandlerMapping - Mapped URL path [/webjars/**] onto handler of type [class org.springframework.web.servlet.resource.ResourceHttpRequestHandler]
11:14:46.235 logback-mybatis [main] INFO  o.s.w.s.h.SimpleUrlHandlerMapping - Mapped URL path [/**] onto handler of type [class org.springframework.web.servlet.resource.ResourceHttpRequestHandler]
11:14:46.854 logback-mybatis [main] INFO  o.s.b.a.e.web.EndpointLinksResolver - Exposing 2 endpoint(s) beneath base path '/actuator'
11:14:46.862 logback-mybatis [main] INFO  o.s.b.a.e.w.s.WebMvcEndpointHandlerMapping - Mapped "{[/actuator/health],methods=[GET],produces=[application/vnd.spring-boot.actuator.v2+json || application/json]}" onto public java.lang.Object org.springframework.boot.actuate.endpoint.web.servlet.AbstractWebMvcEndpointHandlerMapping$OperationHandler.handle(javax.servlet.http.HttpServletRequest,java.util.Map<java.lang.String, java.lang.String>)
11:14:46.863 logback-mybatis [main] INFO  o.s.b.a.e.w.s.WebMvcEndpointHandlerMapping - Mapped "{[/actuator/info],methods=[GET],produces=[application/vnd.spring-boot.actuator.v2+json || application/json]}" onto public java.lang.Object org.springframework.boot.actuate.endpoint.web.servlet.AbstractWebMvcEndpointHandlerMapping$OperationHandler.handle(javax.servlet.http.HttpServletRequest,java.util.Map<java.lang.String, java.lang.String>)
11:14:46.864 logback-mybatis [main] INFO  o.s.b.a.e.w.s.WebMvcEndpointHandlerMapping - Mapped "{[/actuator],methods=[GET],produces=[application/vnd.spring-boot.actuator.v2+json || application/json]}" onto protected java.util.Map<java.lang.String, java.util.Map<java.lang.String, org.springframework.boot.actuate.endpoint.web.Link>> org.springframework.boot.actuate.endpoint.web.servlet.WebMvcEndpointHandlerMapping.links(javax.servlet.http.HttpServletRequest,javax.servlet.http.HttpServletResponse)
11:14:46.924 logback-mybatis [main] INFO  o.s.j.e.a.AnnotationMBeanExporter - Registering beans for JMX exposure on startup
11:14:46.926 logback-mybatis [main] INFO  o.s.j.e.a.AnnotationMBeanExporter - Bean with name 'dataSource' has been autodetected for JMX exposure
11:14:46.934 logback-mybatis [main] INFO  o.s.j.e.a.AnnotationMBeanExporter - Located MBean 'dataSource': registering with JMX server as MBean [com.zaxxer.hikari:name=dataSource,type=HikariDataSource]
11:14:46.953 logback-mybatis [main] INFO  o.a.coyote.http11.Http11NioProtocol - Starting ProtocolHandler ["http-nio-8081"]
11:14:46.963 logback-mybatis [main] INFO  o.a.tomcat.util.net.NioSelectorPool - Using a shared selector for servlet write/read
11:14:46.980 logback-mybatis [main] INFO  o.s.b.w.e.tomcat.TomcatWebServer - Tomcat started on port(s): 8081 (http) with context path ''
11:14:47.000 logback-mybatis [main] INFO  com.example.Demo2Application - Started Demo2Application in 5.893 seconds (JVM running for 6.476)
11:15:04.558 logback-mybatis [http-nio-8081-exec-2] INFO  o.a.c.c.C.[Tomcat].[localhost].[/] - Initializing Spring FrameworkServlet 'dispatcherServlet'
11:15:04.561 logback-mybatis [http-nio-8081-exec-2] INFO  o.s.web.servlet.DispatcherServlet - FrameworkServlet 'dispatcherServlet': initialization started
11:15:04.578 logback-mybatis [http-nio-8081-exec-2] INFO  o.s.web.servlet.DispatcherServlet - FrameworkServlet 'dispatcherServlet': initialization completed in 17 ms
11:15:04.678 logback-mybatis [http-nio-8081-exec-2] INFO  com.zaxxer.hikari.HikariDataSource - HikariPool-1 - Starting...
11:15:04.966 logback-mybatis [http-nio-8081-exec-2] INFO  com.zaxxer.hikari.HikariDataSource - HikariPool-1 - Start completed.
11:15:51.117 logback-mybatis [main] INFO  com.example.Demo2Application - Starting Demo2Application on Stu1001 with PID 6588 (F:\wks-sts\demo2\target\classes started by Administrator in F:\wks-sts\demo2)
11:15:51.121 logback-mybatis [main] INFO  com.example.Demo2Application - No active profile set, falling back to default profiles: default
11:15:51.307 logback-mybatis [main] INFO  o.s.b.w.s.c.AnnotationConfigServletWebServerApplicationContext - Refreshing org.springframework.boot.web.servlet.context.AnnotationConfigServletWebServerApplicationContext@8f4ea7c: startup date [Mon Aug 13 11:15:51 CST 2018]; root of context hierarchy
11:15:52.999 logback-mybatis [main] INFO  o.s.c.s.PostProcessorRegistrationDelegate$BeanPostProcessorChecker - Bean 'org.springframework.transaction.annotation.ProxyTransactionManagementConfiguration' of type [org.springframework.transaction.annotation.ProxyTransactionManagementConfiguration$$EnhancerBySpringCGLIB$$a1b5435e] is not eligible for getting processed by all BeanPostProcessors (for example: not eligible for auto-proxying)
11:15:53.538 logback-mybatis [main] INFO  o.s.b.w.e.tomcat.TomcatWebServer - Tomcat initialized with port(s): 8081 (http)
11:15:53.555 logback-mybatis [main] INFO  o.a.coyote.http11.Http11NioProtocol - Initializing ProtocolHandler ["http-nio-8081"]
11:15:53.570 logback-mybatis [main] INFO  o.a.catalina.core.StandardService - Starting service [Tomcat]
11:15:53.570 logback-mybatis [main] INFO  o.a.catalina.core.StandardEngine - Starting Servlet Engine: Apache Tomcat/8.5.32
11:15:53.581 logback-mybatis [localhost-startStop-1] INFO  o.a.c.core.AprLifecycleListener - The APR based Apache Tomcat Native library which allows optimal performance in production environments was not found on the java.library.path: [C:\Program Files\Java\jre1.8.0_151\bin;C:\Windows\Sun\Java\bin;C:\Windows\system32;C:\Windows;C:/Program Files/Java/jre1.8.0_151/bin/server;C:/Program Files/Java/jre1.8.0_151/bin;C:/Program Files/Java/jre1.8.0_151/lib/amd64;E:\app\Administrator\product\11.2.0\dbhome_1\bin;C:\ProgramData\Oracle\Java\javapath;C:\Windows\system32;C:\Windows;C:\Windows\System32\Wbem;C:\Windows\System32\WindowsPowerShell\v1.0\;.;C:\Program Files\Java\jdk1.8.0_151\bin;.;D:\apache-tomcat-9.0.10\lib;D:\apache-tomcat-9.0.10\lib\servlet-api.jar;D:\apache-tomcat-9.0.10\lib\jsp-api.jar;C:\Program Files\Git\cmd;C:\Program Files\TortoiseGit\bin;C:\Program Files\VisualSVN Server\bin;C:\Program Files\TortoiseSVN\bin;.;C:\maven\apache-maven-3.3.9\bin;F:\sts-bundle\sts-3.6.3.SR1;;.]
11:15:53.721 logback-mybatis [localhost-startStop-1] INFO  o.a.c.c.C.[Tomcat].[localhost].[/] - Initializing Spring embedded WebApplicationContext
11:15:53.721 logback-mybatis [localhost-startStop-1] INFO  o.s.web.context.ContextLoader - Root WebApplicationContext: initialization completed in 2414 ms
11:15:54.690 logback-mybatis [localhost-startStop-1] INFO  o.s.b.w.s.FilterRegistrationBean - Mapping filter: 'characterEncodingFilter' to: [/*]
11:15:54.690 logback-mybatis [localhost-startStop-1] INFO  o.s.b.w.s.FilterRegistrationBean - Mapping filter: 'webMvcMetricsFilter' to: [/*]
11:15:54.691 logback-mybatis [localhost-startStop-1] INFO  o.s.b.w.s.FilterRegistrationBean - Mapping filter: 'hiddenHttpMethodFilter' to: [/*]
11:15:54.691 logback-mybatis [localhost-startStop-1] INFO  o.s.b.w.s.FilterRegistrationBean - Mapping filter: 'httpPutFormContentFilter' to: [/*]
11:15:54.691 logback-mybatis [localhost-startStop-1] INFO  o.s.b.w.s.FilterRegistrationBean - Mapping filter: 'requestContextFilter' to: [/*]
11:15:54.692 logback-mybatis [localhost-startStop-1] INFO  o.s.b.w.s.FilterRegistrationBean - Mapping filter: 'httpTraceFilter' to: [/*]
11:15:54.692 logback-mybatis [localhost-startStop-1] INFO  o.s.b.w.s.ServletRegistrationBean - Servlet dispatcherServlet mapped to [/]
11:15:55.104 logback-mybatis [main] INFO  o.s.w.s.h.SimpleUrlHandlerMapping - Mapped URL path [/**/favicon.ico] onto handler of type [class org.springframework.web.servlet.resource.ResourceHttpRequestHandler]
11:15:55.300 logback-mybatis [main] INFO  o.s.w.s.m.m.a.RequestMappingHandlerAdapter - Looking for @ControllerAdvice: org.springframework.boot.web.servlet.context.AnnotationConfigServletWebServerApplicationContext@8f4ea7c: startup date [Mon Aug 13 11:15:51 CST 2018]; root of context hierarchy
11:15:55.371 logback-mybatis [main] INFO  o.s.w.s.m.m.a.RequestMappingHandlerMapping - Mapped "{[/author/{id}],methods=[GET]}" onto public com.example.model.Author com.example.controller.AuthorController.getOneAuthor(int)
11:15:55.376 logback-mybatis [main] INFO  o.s.w.s.m.m.a.RequestMappingHandlerMapping - Mapped "{[/error]}" onto public org.springframework.http.ResponseEntity<java.util.Map<java.lang.String, java.lang.Object>> org.springframework.boot.autoconfigure.web.servlet.error.BasicErrorController.error(javax.servlet.http.HttpServletRequest)
11:15:55.377 logback-mybatis [main] INFO  o.s.w.s.m.m.a.RequestMappingHandlerMapping - Mapped "{[/error],produces=[text/html]}" onto public org.springframework.web.servlet.ModelAndView org.springframework.boot.autoconfigure.web.servlet.error.BasicErrorController.errorHtml(javax.servlet.http.HttpServletRequest,javax.servlet.http.HttpServletResponse)
11:15:55.421 logback-mybatis [main] INFO  o.s.w.s.h.SimpleUrlHandlerMapping - Mapped URL path [/webjars/**] onto handler of type [class org.springframework.web.servlet.resource.ResourceHttpRequestHandler]
11:15:55.421 logback-mybatis [main] INFO  o.s.w.s.h.SimpleUrlHandlerMapping - Mapped URL path [/**] onto handler of type [class org.springframework.web.servlet.resource.ResourceHttpRequestHandler]
11:15:55.825 logback-mybatis [main] INFO  o.s.b.a.e.web.EndpointLinksResolver - Exposing 2 endpoint(s) beneath base path '/actuator'
11:15:55.837 logback-mybatis [main] INFO  o.s.b.a.e.w.s.WebMvcEndpointHandlerMapping - Mapped "{[/actuator/health],methods=[GET],produces=[application/vnd.spring-boot.actuator.v2+json || application/json]}" onto public java.lang.Object org.springframework.boot.actuate.endpoint.web.servlet.AbstractWebMvcEndpointHandlerMapping$OperationHandler.handle(javax.servlet.http.HttpServletRequest,java.util.Map<java.lang.String, java.lang.String>)
11:15:55.837 logback-mybatis [main] INFO  o.s.b.a.e.w.s.WebMvcEndpointHandlerMapping - Mapped "{[/actuator/info],methods=[GET],produces=[application/vnd.spring-boot.actuator.v2+json || application/json]}" onto public java.lang.Object org.springframework.boot.actuate.endpoint.web.servlet.AbstractWebMvcEndpointHandlerMapping$OperationHandler.handle(javax.servlet.http.HttpServletRequest,java.util.Map<java.lang.String, java.lang.String>)
11:15:55.838 logback-mybatis [main] INFO  o.s.b.a.e.w.s.WebMvcEndpointHandlerMapping - Mapped "{[/actuator],methods=[GET],produces=[application/vnd.spring-boot.actuator.v2+json || application/json]}" onto protected java.util.Map<java.lang.String, java.util.Map<java.lang.String, org.springframework.boot.actuate.endpoint.web.Link>> org.springframework.boot.actuate.endpoint.web.servlet.WebMvcEndpointHandlerMapping.links(javax.servlet.http.HttpServletRequest,javax.servlet.http.HttpServletResponse)
11:15:55.886 logback-mybatis [main] INFO  o.s.j.e.a.AnnotationMBeanExporter - Registering beans for JMX exposure on startup
11:15:55.898 logback-mybatis [main] INFO  o.s.j.e.a.AnnotationMBeanExporter - Bean with name 'dataSource' has been autodetected for JMX exposure
11:15:55.959 logback-mybatis [main] INFO  o.s.j.e.a.AnnotationMBeanExporter - Located MBean 'dataSource': registering with JMX server as MBean [com.zaxxer.hikari:name=dataSource,type=HikariDataSource]
11:15:55.981 logback-mybatis [main] INFO  o.a.coyote.http11.Http11NioProtocol - Starting ProtocolHandler ["http-nio-8081"]
11:15:55.993 logback-mybatis [main] INFO  o.a.tomcat.util.net.NioSelectorPool - Using a shared selector for servlet write/read
11:15:56.019 logback-mybatis [main] INFO  o.s.b.w.e.tomcat.TomcatWebServer - Tomcat started on port(s): 8081 (http) with context path ''
11:15:56.030 logback-mybatis [main] INFO  com.example.Demo2Application - Started Demo2Application in 5.56 seconds (JVM running for 6.168)
11:16:21.430 logback-mybatis [http-nio-8081-exec-9] INFO  o.a.c.c.C.[Tomcat].[localhost].[/] - Initializing Spring FrameworkServlet 'dispatcherServlet'
11:16:21.430 logback-mybatis [http-nio-8081-exec-9] INFO  o.s.web.servlet.DispatcherServlet - FrameworkServlet 'dispatcherServlet': initialization started
11:16:21.448 logback-mybatis [http-nio-8081-exec-9] INFO  o.s.web.servlet.DispatcherServlet - FrameworkServlet 'dispatcherServlet': initialization completed in 18 ms
11:16:21.504 logback-mybatis [http-nio-8081-exec-9] INFO  c.e.controller.AuthorController - --------hello-----------
11:16:21.522 logback-mybatis [http-nio-8081-exec-9] INFO  com.zaxxer.hikari.HikariDataSource - HikariPool-1 - Starting...
11:16:21.757 logback-mybatis [http-nio-8081-exec-9] INFO  com.zaxxer.hikari.HikariDataSource - HikariPool-1 - Start completed.
11:18:29.686 logback-mybatis [main] INFO  com.example.Demo2Application - Starting Demo2Application on Stu1001 with PID 860 (F:\wks-sts\demo2\target\classes started by Administrator in F:\wks-sts\demo2)
11:18:29.691 logback-mybatis [main] INFO  com.example.Demo2Application - No active profile set, falling back to default profiles: default
11:18:29.857 logback-mybatis [main] INFO  o.s.b.w.s.c.AnnotationConfigServletWebServerApplicationContext - Refreshing org.springframework.boot.web.servlet.context.AnnotationConfigServletWebServerApplicationContext@158d2680: startup date [Mon Aug 13 11:18:29 CST 2018]; root of context hierarchy
11:18:31.515 logback-mybatis [main] INFO  o.s.c.s.PostProcessorRegistrationDelegate$BeanPostProcessorChecker - Bean 'org.springframework.transaction.annotation.ProxyTransactionManagementConfiguration' of type [org.springframework.transaction.annotation.ProxyTransactionManagementConfiguration$$EnhancerBySpringCGLIB$$f7350fad] is not eligible for getting processed by all BeanPostProcessors (for example: not eligible for auto-proxying)
11:18:32.069 logback-mybatis [main] INFO  o.s.b.w.e.tomcat.TomcatWebServer - Tomcat initialized with port(s): 8081 (http)
11:18:32.085 logback-mybatis [main] INFO  o.a.coyote.http11.Http11NioProtocol - Initializing ProtocolHandler ["http-nio-8081"]
11:18:32.100 logback-mybatis [main] INFO  o.a.catalina.core.StandardService - Starting service [Tomcat]
11:18:32.101 logback-mybatis [main] INFO  o.a.catalina.core.StandardEngine - Starting Servlet Engine: Apache Tomcat/8.5.32
11:18:32.131 logback-mybatis [localhost-startStop-1] INFO  o.a.c.core.AprLifecycleListener - The APR based Apache Tomcat Native library which allows optimal performance in production environments was not found on the java.library.path: [C:\Program Files\Java\jre1.8.0_151\bin;C:\Windows\Sun\Java\bin;C:\Windows\system32;C:\Windows;C:/Program Files/Java/jre1.8.0_151/bin/server;C:/Program Files/Java/jre1.8.0_151/bin;C:/Program Files/Java/jre1.8.0_151/lib/amd64;E:\app\Administrator\product\11.2.0\dbhome_1\bin;C:\ProgramData\Oracle\Java\javapath;C:\Windows\system32;C:\Windows;C:\Windows\System32\Wbem;C:\Windows\System32\WindowsPowerShell\v1.0\;.;C:\Program Files\Java\jdk1.8.0_151\bin;.;D:\apache-tomcat-9.0.10\lib;D:\apache-tomcat-9.0.10\lib\servlet-api.jar;D:\apache-tomcat-9.0.10\lib\jsp-api.jar;C:\Program Files\Git\cmd;C:\Program Files\TortoiseGit\bin;C:\Program Files\VisualSVN Server\bin;C:\Program Files\TortoiseSVN\bin;.;C:\maven\apache-maven-3.3.9\bin;F:\sts-bundle\sts-3.6.3.SR1;;.]
11:18:32.254 logback-mybatis [localhost-startStop-1] INFO  o.a.c.c.C.[Tomcat].[localhost].[/] - Initializing Spring embedded WebApplicationContext
11:18:32.254 logback-mybatis [localhost-startStop-1] INFO  o.s.web.context.ContextLoader - Root WebApplicationContext: initialization completed in 2397 ms
11:18:33.314 logback-mybatis [localhost-startStop-1] INFO  o.s.b.w.s.FilterRegistrationBean - Mapping filter: 'characterEncodingFilter' to: [/*]
11:18:33.314 logback-mybatis [localhost-startStop-1] INFO  o.s.b.w.s.FilterRegistrationBean - Mapping filter: 'webMvcMetricsFilter' to: [/*]
11:18:33.314 logback-mybatis [localhost-startStop-1] INFO  o.s.b.w.s.FilterRegistrationBean - Mapping filter: 'hiddenHttpMethodFilter' to: [/*]
11:18:33.314 logback-mybatis [localhost-startStop-1] INFO  o.s.b.w.s.FilterRegistrationBean - Mapping filter: 'httpPutFormContentFilter' to: [/*]
11:18:33.315 logback-mybatis [localhost-startStop-1] INFO  o.s.b.w.s.FilterRegistrationBean - Mapping filter: 'requestContextFilter' to: [/*]
11:18:33.316 logback-mybatis [localhost-startStop-1] INFO  o.s.b.w.s.FilterRegistrationBean - Mapping filter: 'httpTraceFilter' to: [/*]
11:18:33.317 logback-mybatis [localhost-startStop-1] INFO  o.s.b.w.s.ServletRegistrationBean - Servlet dispatcherServlet mapped to [/]
11:18:33.824 logback-mybatis [main] INFO  o.s.w.s.h.SimpleUrlHandlerMapping - Mapped URL path [/**/favicon.ico] onto handler of type [class org.springframework.web.servlet.resource.ResourceHttpRequestHandler]
11:18:34.022 logback-mybatis [main] INFO  o.s.w.s.m.m.a.RequestMappingHandlerAdapter - Looking for @ControllerAdvice: org.springframework.boot.web.servlet.context.AnnotationConfigServletWebServerApplicationContext@158d2680: startup date [Mon Aug 13 11:18:29 CST 2018]; root of context hierarchy
11:18:34.104 logback-mybatis [main] INFO  o.s.w.s.m.m.a.RequestMappingHandlerMapping - Mapped "{[/author/{id}],methods=[GET]}" onto public com.example.model.Author com.example.controller.AuthorController.getOneAuthor(int)
11:18:34.107 logback-mybatis [main] INFO  o.s.w.s.m.m.a.RequestMappingHandlerMapping - Mapped "{[/error]}" onto public org.springframework.http.ResponseEntity<java.util.Map<java.lang.String, java.lang.Object>> org.springframework.boot.autoconfigure.web.servlet.error.BasicErrorController.error(javax.servlet.http.HttpServletRequest)
11:18:34.108 logback-mybatis [main] INFO  o.s.w.s.m.m.a.RequestMappingHandlerMapping - Mapped "{[/error],produces=[text/html]}" onto public org.springframework.web.servlet.ModelAndView org.springframework.boot.autoconfigure.web.servlet.error.BasicErrorController.errorHtml(javax.servlet.http.HttpServletRequest,javax.servlet.http.HttpServletResponse)
11:18:34.143 logback-mybatis [main] INFO  o.s.w.s.h.SimpleUrlHandlerMapping - Mapped URL path [/webjars/**] onto handler of type [class org.springframework.web.servlet.resource.ResourceHttpRequestHandler]
11:18:34.143 logback-mybatis [main] INFO  o.s.w.s.h.SimpleUrlHandlerMapping - Mapped URL path [/**] onto handler of type [class org.springframework.web.servlet.resource.ResourceHttpRequestHandler]
11:18:34.689 logback-mybatis [main] INFO  o.s.b.a.e.web.EndpointLinksResolver - Exposing 2 endpoint(s) beneath base path '/actuator'
11:18:34.698 logback-mybatis [main] INFO  o.s.b.a.e.w.s.WebMvcEndpointHandlerMapping - Mapped "{[/actuator/health],methods=[GET],produces=[application/vnd.spring-boot.actuator.v2+json || application/json]}" onto public java.lang.Object org.springframework.boot.actuate.endpoint.web.servlet.AbstractWebMvcEndpointHandlerMapping$OperationHandler.handle(javax.servlet.http.HttpServletRequest,java.util.Map<java.lang.String, java.lang.String>)
11:18:34.699 logback-mybatis [main] INFO  o.s.b.a.e.w.s.WebMvcEndpointHandlerMapping - Mapped "{[/actuator/info],methods=[GET],produces=[application/vnd.spring-boot.actuator.v2+json || application/json]}" onto public java.lang.Object org.springframework.boot.actuate.endpoint.web.servlet.AbstractWebMvcEndpointHandlerMapping$OperationHandler.handle(javax.servlet.http.HttpServletRequest,java.util.Map<java.lang.String, java.lang.String>)
11:18:34.700 logback-mybatis [main] INFO  o.s.b.a.e.w.s.WebMvcEndpointHandlerMapping - Mapped "{[/actuator],methods=[GET],produces=[application/vnd.spring-boot.actuator.v2+json || application/json]}" onto protected java.util.Map<java.lang.String, java.util.Map<java.lang.String, org.springframework.boot.actuate.endpoint.web.Link>> org.springframework.boot.actuate.endpoint.web.servlet.WebMvcEndpointHandlerMapping.links(javax.servlet.http.HttpServletRequest,javax.servlet.http.HttpServletResponse)
11:18:34.804 logback-mybatis [main] INFO  o.s.j.e.a.AnnotationMBeanExporter - Registering beans for JMX exposure on startup
11:18:34.806 logback-mybatis [main] INFO  o.s.j.e.a.AnnotationMBeanExporter - Bean with name 'dataSource' has been autodetected for JMX exposure
11:18:34.810 logback-mybatis [main] INFO  o.s.j.e.a.AnnotationMBeanExporter - Located MBean 'dataSource': registering with JMX server as MBean [com.zaxxer.hikari:name=dataSource,type=HikariDataSource]
11:18:34.828 logback-mybatis [main] INFO  o.a.coyote.http11.Http11NioProtocol - Starting ProtocolHandler ["http-nio-8081"]
11:18:34.837 logback-mybatis [main] INFO  o.a.tomcat.util.net.NioSelectorPool - Using a shared selector for servlet write/read
11:18:34.852 logback-mybatis [main] INFO  o.s.b.w.e.tomcat.TomcatWebServer - Tomcat started on port(s): 8081 (http) with context path ''
11:18:34.871 logback-mybatis [main] INFO  com.example.Demo2Application - Started Demo2Application in 5.875 seconds (JVM running for 6.462)
11:18:41.020 logback-mybatis [http-nio-8081-exec-2] INFO  o.a.c.c.C.[Tomcat].[localhost].[/] - Initializing Spring FrameworkServlet 'dispatcherServlet'
11:18:41.021 logback-mybatis [http-nio-8081-exec-2] INFO  o.s.web.servlet.DispatcherServlet - FrameworkServlet 'dispatcherServlet': initialization started
11:18:41.050 logback-mybatis [http-nio-8081-exec-2] INFO  o.s.web.servlet.DispatcherServlet - FrameworkServlet 'dispatcherServlet': initialization completed in 29 ms
11:18:41.128 logback-mybatis [http-nio-8081-exec-2] INFO  com.zaxxer.hikari.HikariDataSource - HikariPool-1 - Starting...
11:18:41.348 logback-mybatis [http-nio-8081-exec-2] INFO  com.zaxxer.hikari.HikariDataSource - HikariPool-1 - Start completed.
11:18:41.356 logback-mybatis [http-nio-8081-exec-2] DEBUG c.e.m.AuthorMapper.findOneAuthor - ==>  Preparing: select id, name, phone from author where id=? 
11:18:41.375 logback-mybatis [http-nio-8081-exec-2] DEBUG c.e.m.AuthorMapper.findOneAuthor - ==> Parameters: 2(Integer)
11:18:41.389 logback-mybatis [http-nio-8081-exec-2] DEBUG c.e.m.AuthorMapper.findOneAuthor - <==      Total: 1
14:18:54.110 logback-mybatis [main] INFO  com.example.Demo2Application - Starting Demo2Application on Stu1001 with PID 7192 (F:\wks-sts\demo2\target\classes started by Administrator in F:\wks-sts\demo2)
14:18:54.115 logback-mybatis [main] INFO  com.example.Demo2Application - No active profile set, falling back to default profiles: default
14:18:54.287 logback-mybatis [main] INFO  o.s.b.w.s.c.AnnotationConfigServletWebServerApplicationContext - Refreshing org.springframework.boot.web.servlet.context.AnnotationConfigServletWebServerApplicationContext@13c9d689: startup date [Mon Aug 13 14:18:54 CST 2018]; root of context hierarchy
14:18:56.245 logback-mybatis [main] INFO  o.s.c.s.PostProcessorRegistrationDelegate$BeanPostProcessorChecker - Bean 'org.springframework.transaction.annotation.ProxyTransactionManagementConfiguration' of type [org.springframework.transaction.annotation.ProxyTransactionManagementConfiguration$$EnhancerBySpringCGLIB$$d802659e] is not eligible for getting processed by all BeanPostProcessors (for example: not eligible for auto-proxying)
14:18:56.873 logback-mybatis [main] INFO  o.s.b.w.e.tomcat.TomcatWebServer - Tomcat initialized with port(s): 8081 (http)
14:18:56.913 logback-mybatis [main] INFO  o.a.coyote.http11.Http11NioProtocol - Initializing ProtocolHandler ["http-nio-8081"]
14:18:56.928 logback-mybatis [main] INFO  o.a.catalina.core.StandardService - Starting service [Tomcat]
14:18:56.928 logback-mybatis [main] INFO  o.a.catalina.core.StandardEngine - Starting Servlet Engine: Apache Tomcat/8.5.32
14:18:56.942 logback-mybatis [localhost-startStop-1] INFO  o.a.c.core.AprLifecycleListener - The APR based Apache Tomcat Native library which allows optimal performance in production environments was not found on the java.library.path: [C:\Program Files\Java\jre1.8.0_151\bin;C:\Windows\Sun\Java\bin;C:\Windows\system32;C:\Windows;C:/Program Files/Java/jre1.8.0_151/bin/server;C:/Program Files/Java/jre1.8.0_151/bin;C:/Program Files/Java/jre1.8.0_151/lib/amd64;E:\app\Administrator\product\11.2.0\dbhome_1\bin;C:\ProgramData\Oracle\Java\javapath;C:\Windows\system32;C:\Windows;C:\Windows\System32\Wbem;C:\Windows\System32\WindowsPowerShell\v1.0\;.;C:\Program Files\Java\jdk1.8.0_151\bin;.;D:\apache-tomcat-9.0.10\lib;D:\apache-tomcat-9.0.10\lib\servlet-api.jar;D:\apache-tomcat-9.0.10\lib\jsp-api.jar;C:\Program Files\Git\cmd;C:\Program Files\TortoiseGit\bin;C:\Program Files\VisualSVN Server\bin;C:\Program Files\TortoiseSVN\bin;.;C:\maven\apache-maven-3.3.9\bin;F:\sts-bundle\sts-3.6.3.SR1;;.]
14:18:57.099 logback-mybatis [localhost-startStop-1] INFO  o.a.c.c.C.[Tomcat].[localhost].[/] - Initializing Spring embedded WebApplicationContext
14:18:57.100 logback-mybatis [localhost-startStop-1] INFO  o.s.web.context.ContextLoader - Root WebApplicationContext: initialization completed in 2813 ms
14:18:58.099 logback-mybatis [localhost-startStop-1] INFO  o.s.b.w.s.FilterRegistrationBean - Mapping filter: 'characterEncodingFilter' to: [/*]
14:18:58.102 logback-mybatis [localhost-startStop-1] INFO  o.s.b.w.s.FilterRegistrationBean - Mapping filter: 'webMvcMetricsFilter' to: [/*]
14:18:58.102 logback-mybatis [localhost-startStop-1] INFO  o.s.b.w.s.FilterRegistrationBean - Mapping filter: 'hiddenHttpMethodFilter' to: [/*]
14:18:58.102 logback-mybatis [localhost-startStop-1] INFO  o.s.b.w.s.FilterRegistrationBean - Mapping filter: 'httpPutFormContentFilter' to: [/*]
14:18:58.102 logback-mybatis [localhost-startStop-1] INFO  o.s.b.w.s.FilterRegistrationBean - Mapping filter: 'requestContextFilter' to: [/*]
14:18:58.103 logback-mybatis [localhost-startStop-1] INFO  o.s.b.w.s.FilterRegistrationBean - Mapping filter: 'httpTraceFilter' to: [/*]
14:18:58.103 logback-mybatis [localhost-startStop-1] INFO  o.s.b.w.s.ServletRegistrationBean - Servlet dispatcherServlet mapped to [/]
14:18:58.643 logback-mybatis [main] INFO  o.s.w.s.h.SimpleUrlHandlerMapping - Mapped URL path [/**/favicon.ico] onto handler of type [class org.springframework.web.servlet.resource.ResourceHttpRequestHandler]
14:18:59.055 logback-mybatis [main] INFO  o.s.w.s.m.m.a.RequestMappingHandlerAdapter - Looking for @ControllerAdvice: org.springframework.boot.web.servlet.context.AnnotationConfigServletWebServerApplicationContext@13c9d689: startup date [Mon Aug 13 14:18:54 CST 2018]; root of context hierarchy
14:18:59.170 logback-mybatis [main] INFO  o.s.w.s.m.m.a.RequestMappingHandlerMapping - Mapped "{[/authors],methods=[POST]}" onto public int com.example.controller.AuthorController.addAuthor(com.example.model.Author)
14:18:59.171 logback-mybatis [main] INFO  o.s.w.s.m.m.a.RequestMappingHandlerMapping - Mapped "{[/authors/{id}],methods=[GET]}" onto public com.example.model.Author com.example.controller.AuthorController.getOneAuthor(int)
14:18:59.172 logback-mybatis [main] INFO  o.s.w.s.m.m.a.RequestMappingHandlerMapping - Mapped "{[/authors],methods=[GET]}" onto public java.util.List<com.example.model.Author> com.example.controller.AuthorController.getAllAuthors()
14:18:59.173 logback-mybatis [main] INFO  o.s.w.s.m.m.a.RequestMappingHandlerMapping - Mapped "{[/authors/{id}],methods=[DELETE]}" onto public int com.example.controller.AuthorController.delAuthor(int)
14:18:59.177 logback-mybatis [main] INFO  o.s.w.s.m.m.a.RequestMappingHandlerMapping - Mapped "{[/error]}" onto public org.springframework.http.ResponseEntity<java.util.Map<java.lang.String, java.lang.Object>> org.springframework.boot.autoconfigure.web.servlet.error.BasicErrorController.error(javax.servlet.http.HttpServletRequest)
14:18:59.178 logback-mybatis [main] INFO  o.s.w.s.m.m.a.RequestMappingHandlerMapping - Mapped "{[/error],produces=[text/html]}" onto public org.springframework.web.servlet.ModelAndView org.springframework.boot.autoconfigure.web.servlet.error.BasicErrorController.errorHtml(javax.servlet.http.HttpServletRequest,javax.servlet.http.HttpServletResponse)
14:18:59.220 logback-mybatis [main] INFO  o.s.w.s.h.SimpleUrlHandlerMapping - Mapped URL path [/webjars/**] onto handler of type [class org.springframework.web.servlet.resource.ResourceHttpRequestHandler]
14:18:59.221 logback-mybatis [main] INFO  o.s.w.s.h.SimpleUrlHandlerMapping - Mapped URL path [/**] onto handler of type [class org.springframework.web.servlet.resource.ResourceHttpRequestHandler]
14:18:59.736 logback-mybatis [main] INFO  o.s.b.a.e.web.EndpointLinksResolver - Exposing 2 endpoint(s) beneath base path '/actuator'
14:18:59.744 logback-mybatis [main] INFO  o.s.b.a.e.w.s.WebMvcEndpointHandlerMapping - Mapped "{[/actuator/health],methods=[GET],produces=[application/vnd.spring-boot.actuator.v2+json || application/json]}" onto public java.lang.Object org.springframework.boot.actuate.endpoint.web.servlet.AbstractWebMvcEndpointHandlerMapping$OperationHandler.handle(javax.servlet.http.HttpServletRequest,java.util.Map<java.lang.String, java.lang.String>)
14:18:59.745 logback-mybatis [main] INFO  o.s.b.a.e.w.s.WebMvcEndpointHandlerMapping - Mapped "{[/actuator/info],methods=[GET],produces=[application/vnd.spring-boot.actuator.v2+json || application/json]}" onto public java.lang.Object org.springframework.boot.actuate.endpoint.web.servlet.AbstractWebMvcEndpointHandlerMapping$OperationHandler.handle(javax.servlet.http.HttpServletRequest,java.util.Map<java.lang.String, java.lang.String>)
14:18:59.746 logback-mybatis [main] INFO  o.s.b.a.e.w.s.WebMvcEndpointHandlerMapping - Mapped "{[/actuator],methods=[GET],produces=[application/vnd.spring-boot.actuator.v2+json || application/json]}" onto protected java.util.Map<java.lang.String, java.util.Map<java.lang.String, org.springframework.boot.actuate.endpoint.web.Link>> org.springframework.boot.actuate.endpoint.web.servlet.WebMvcEndpointHandlerMapping.links(javax.servlet.http.HttpServletRequest,javax.servlet.http.HttpServletResponse)
14:18:59.790 logback-mybatis [main] INFO  o.s.j.e.a.AnnotationMBeanExporter - Registering beans for JMX exposure on startup
14:18:59.791 logback-mybatis [main] INFO  o.s.j.e.a.AnnotationMBeanExporter - Bean with name 'dataSource' has been autodetected for JMX exposure
14:18:59.797 logback-mybatis [main] INFO  o.s.j.e.a.AnnotationMBeanExporter - Located MBean 'dataSource': registering with JMX server as MBean [com.zaxxer.hikari:name=dataSource,type=HikariDataSource]
14:18:59.810 logback-mybatis [main] INFO  o.a.coyote.http11.Http11NioProtocol - Starting ProtocolHandler ["http-nio-8081"]
14:18:59.820 logback-mybatis [main] INFO  o.a.tomcat.util.net.NioSelectorPool - Using a shared selector for servlet write/read
14:18:59.890 logback-mybatis [main] INFO  o.s.b.w.e.tomcat.TomcatWebServer - Tomcat started on port(s): 8081 (http) with context path ''
14:18:59.916 logback-mybatis [main] INFO  com.example.Demo2Application - Started Demo2Application in 6.671 seconds (JVM running for 7.387)
14:19:12.543 logback-mybatis [http-nio-8081-exec-2] INFO  o.a.c.c.C.[Tomcat].[localhost].[/] - Initializing Spring FrameworkServlet 'dispatcherServlet'
14:19:12.545 logback-mybatis [http-nio-8081-exec-2] INFO  o.s.web.servlet.DispatcherServlet - FrameworkServlet 'dispatcherServlet': initialization started
14:19:12.574 logback-mybatis [http-nio-8081-exec-2] INFO  o.s.web.servlet.DispatcherServlet - FrameworkServlet 'dispatcherServlet': initialization completed in 29 ms
14:19:58.298 logback-mybatis [http-nio-8081-exec-6] INFO  com.zaxxer.hikari.HikariDataSource - HikariPool-1 - Starting...
14:19:58.851 logback-mybatis [http-nio-8081-exec-6] INFO  com.zaxxer.hikari.HikariDataSource - HikariPool-1 - Start completed.
14:19:58.858 logback-mybatis [http-nio-8081-exec-6] DEBUG c.e.m.AuthorMapper.findOneAuthor - ==>  Preparing: select id, name, phone from author where id=? 
14:19:58.881 logback-mybatis [http-nio-8081-exec-6] DEBUG c.e.m.AuthorMapper.findOneAuthor - ==> Parameters: 1(Integer)
14:19:58.926 logback-mybatis [http-nio-8081-exec-6] DEBUG c.e.m.AuthorMapper.findOneAuthor - <==      Total: 1
14:20:02.634 logback-mybatis [http-nio-8081-exec-8] DEBUG c.e.m.AuthorMapper.findAllAuthors - ==>  Preparing: select id, name, phone from author 
14:20:02.634 logback-mybatis [http-nio-8081-exec-8] DEBUG c.e.m.AuthorMapper.findAllAuthors - ==> Parameters: 
14:20:02.635 logback-mybatis [http-nio-8081-exec-8] DEBUG c.e.m.AuthorMapper.findAllAuthors - <==      Total: 2
15:05:19.641 logback-mybatis [http-nio-8081-exec-9] DEBUG c.e.m.AuthorMapper.findAllAuthors - ==>  Preparing: select id, name, phone from author 
15:05:19.642 logback-mybatis [http-nio-8081-exec-9] DEBUG c.e.m.AuthorMapper.findAllAuthors - ==> Parameters: 
15:05:19.643 logback-mybatis [http-nio-8081-exec-9] DEBUG c.e.m.AuthorMapper.findAllAuthors - <==      Total: 2
15:06:45.511 logback-mybatis [http-nio-8081-exec-3] DEBUG c.e.m.AuthorMapper.findOneAuthor - ==>  Preparing: select id, name, phone from author where id=? 
15:06:45.511 logback-mybatis [http-nio-8081-exec-3] DEBUG c.e.m.AuthorMapper.findOneAuthor - ==> Parameters: 1(Integer)
15:06:45.512 logback-mybatis [http-nio-8081-exec-3] DEBUG c.e.m.AuthorMapper.findOneAuthor - <==      Total: 1
15:06:50.235 logback-mybatis [http-nio-8081-exec-2] DEBUG c.e.m.AuthorMapper.findOneAuthor - ==>  Preparing: select id, name, phone from author where id=? 
15:06:50.235 logback-mybatis [http-nio-8081-exec-2] DEBUG c.e.m.AuthorMapper.findOneAuthor - ==> Parameters: 2(Integer)
15:06:50.236 logback-mybatis [http-nio-8081-exec-2] DEBUG c.e.m.AuthorMapper.findOneAuthor - <==      Total: 1
15:09:54.410 logback-mybatis [http-nio-8081-exec-6] DEBUG c.e.mapper.AuthorMapper.insertAuthor - ==>  Preparing: insert into author(name, phone) values(?,?) 
15:09:54.411 logback-mybatis [http-nio-8081-exec-6] DEBUG c.e.mapper.AuthorMapper.insertAuthor - ==> Parameters: null, null
15:09:54.499 logback-mybatis [http-nio-8081-exec-6] DEBUG c.e.mapper.AuthorMapper.insertAuthor - <==    Updates: 1
15:12:20.136 logback-mybatis [main] INFO  com.example.Demo2Application - Starting Demo2Application on Stu1001 with PID 3416 (F:\wks-sts\demo2\target\classes started by Administrator in F:\wks-sts\demo2)
15:12:20.139 logback-mybatis [main] INFO  com.example.Demo2Application - No active profile set, falling back to default profiles: default
15:12:20.209 logback-mybatis [main] INFO  o.s.b.w.s.c.AnnotationConfigServletWebServerApplicationContext - Refreshing org.springframework.boot.web.servlet.context.AnnotationConfigServletWebServerApplicationContext@7586beff: startup date [Mon Aug 13 15:12:20 CST 2018]; root of context hierarchy
15:12:22.236 logback-mybatis [main] INFO  o.s.c.s.PostProcessorRegistrationDelegate$BeanPostProcessorChecker - Bean 'org.springframework.transaction.annotation.ProxyTransactionManagementConfiguration' of type [org.springframework.transaction.annotation.ProxyTransactionManagementConfiguration$$EnhancerBySpringCGLIB$$39fcb39d] is not eligible for getting processed by all BeanPostProcessors (for example: not eligible for auto-proxying)
15:12:22.721 logback-mybatis [main] INFO  o.s.b.w.e.tomcat.TomcatWebServer - Tomcat initialized with port(s): 8081 (http)
15:12:22.749 logback-mybatis [main] INFO  o.a.coyote.http11.Http11NioProtocol - Initializing ProtocolHandler ["http-nio-8081"]
15:12:22.766 logback-mybatis [main] INFO  o.a.catalina.core.StandardService - Starting service [Tomcat]
15:12:22.766 logback-mybatis [main] INFO  o.a.catalina.core.StandardEngine - Starting Servlet Engine: Apache Tomcat/8.5.32
15:12:22.822 logback-mybatis [localhost-startStop-1] INFO  o.a.c.core.AprLifecycleListener - The APR based Apache Tomcat Native library which allows optimal performance in production environments was not found on the java.library.path: [C:\Program Files\Java\jre1.8.0_151\bin;C:\Windows\Sun\Java\bin;C:\Windows\system32;C:\Windows;C:/Program Files/Java/jre1.8.0_151/bin/server;C:/Program Files/Java/jre1.8.0_151/bin;C:/Program Files/Java/jre1.8.0_151/lib/amd64;E:\app\Administrator\product\11.2.0\dbhome_1\bin;C:\ProgramData\Oracle\Java\javapath;C:\Windows\system32;C:\Windows;C:\Windows\System32\Wbem;C:\Windows\System32\WindowsPowerShell\v1.0\;.;C:\Program Files\Java\jdk1.8.0_151\bin;.;D:\apache-tomcat-9.0.10\lib;D:\apache-tomcat-9.0.10\lib\servlet-api.jar;D:\apache-tomcat-9.0.10\lib\jsp-api.jar;C:\Program Files\Git\cmd;C:\Program Files\TortoiseGit\bin;C:\Program Files\VisualSVN Server\bin;C:\Program Files\TortoiseSVN\bin;.;C:\maven\apache-maven-3.3.9\bin;F:\sts-bundle\sts-3.6.3.SR1;;.]
15:12:23.078 logback-mybatis [localhost-startStop-1] INFO  o.a.c.c.C.[Tomcat].[localhost].[/] - Initializing Spring embedded WebApplicationContext
15:12:23.078 logback-mybatis [localhost-startStop-1] INFO  o.s.web.context.ContextLoader - Root WebApplicationContext: initialization completed in 2869 ms
15:12:24.088 logback-mybatis [localhost-startStop-1] INFO  o.s.b.w.s.FilterRegistrationBean - Mapping filter: 'characterEncodingFilter' to: [/*]
15:12:24.089 logback-mybatis [localhost-startStop-1] INFO  o.s.b.w.s.FilterRegistrationBean - Mapping filter: 'webMvcMetricsFilter' to: [/*]
15:12:24.089 logback-mybatis [localhost-startStop-1] INFO  o.s.b.w.s.FilterRegistrationBean - Mapping filter: 'hiddenHttpMethodFilter' to: [/*]
15:12:24.089 logback-mybatis [localhost-startStop-1] INFO  o.s.b.w.s.FilterRegistrationBean - Mapping filter: 'httpPutFormContentFilter' to: [/*]
15:12:24.089 logback-mybatis [localhost-startStop-1] INFO  o.s.b.w.s.FilterRegistrationBean - Mapping filter: 'requestContextFilter' to: [/*]
15:12:24.089 logback-mybatis [localhost-startStop-1] INFO  o.s.b.w.s.FilterRegistrationBean - Mapping filter: 'httpTraceFilter' to: [/*]
15:12:24.089 logback-mybatis [localhost-startStop-1] INFO  o.s.b.w.s.ServletRegistrationBean - Servlet dispatcherServlet mapped to [/]
15:12:24.748 logback-mybatis [main] INFO  o.s.w.s.h.SimpleUrlHandlerMapping - Mapped URL path [/**/favicon.ico] onto handler of type [class org.springframework.web.servlet.resource.ResourceHttpRequestHandler]
15:12:24.974 logback-mybatis [main] INFO  o.s.w.s.m.m.a.RequestMappingHandlerAdapter - Looking for @ControllerAdvice: org.springframework.boot.web.servlet.context.AnnotationConfigServletWebServerApplicationContext@7586beff: startup date [Mon Aug 13 15:12:20 CST 2018]; root of context hierarchy
15:12:25.128 logback-mybatis [main] INFO  o.s.w.s.m.m.a.RequestMappingHandlerMapping - Mapped "{[/authors],methods=[POST],consumes=[application/json]}" onto public int com.example.controller.AuthorController.addAuthor(com.example.model.Author)
15:12:25.130 logback-mybatis [main] INFO  o.s.w.s.m.m.a.RequestMappingHandlerMapping - Mapped "{[/authors],methods=[GET]}" onto public java.util.List<com.example.model.Author> com.example.controller.AuthorController.getAllAuthors()
15:12:25.130 logback-mybatis [main] INFO  o.s.w.s.m.m.a.RequestMappingHandlerMapping - Mapped "{[/authors/{id}],methods=[GET]}" onto public com.example.model.Author com.example.controller.AuthorController.getOneAuthor(int)
15:12:25.130 logback-mybatis [main] INFO  o.s.w.s.m.m.a.RequestMappingHandlerMapping - Mapped "{[/authors/{id}],methods=[DELETE]}" onto public int com.example.controller.AuthorController.delAuthor(int)
15:12:25.133 logback-mybatis [main] INFO  o.s.w.s.m.m.a.RequestMappingHandlerMapping - Mapped "{[/error]}" onto public org.springframework.http.ResponseEntity<java.util.Map<java.lang.String, java.lang.Object>> org.springframework.boot.autoconfigure.web.servlet.error.BasicErrorController.error(javax.servlet.http.HttpServletRequest)
15:12:25.133 logback-mybatis [main] INFO  o.s.w.s.m.m.a.RequestMappingHandlerMapping - Mapped "{[/error],produces=[text/html]}" onto public org.springframework.web.servlet.ModelAndView org.springframework.boot.autoconfigure.web.servlet.error.BasicErrorController.errorHtml(javax.servlet.http.HttpServletRequest,javax.servlet.http.HttpServletResponse)
15:12:25.162 logback-mybatis [main] INFO  o.s.w.s.h.SimpleUrlHandlerMapping - Mapped URL path [/webjars/**] onto handler of type [class org.springframework.web.servlet.resource.ResourceHttpRequestHandler]
15:12:25.163 logback-mybatis [main] INFO  o.s.w.s.h.SimpleUrlHandlerMapping - Mapped URL path [/**] onto handler of type [class org.springframework.web.servlet.resource.ResourceHttpRequestHandler]
15:12:25.807 logback-mybatis [main] INFO  o.s.b.a.e.web.EndpointLinksResolver - Exposing 2 endpoint(s) beneath base path '/actuator'
15:12:25.824 logback-mybatis [main] INFO  o.s.b.a.e.w.s.WebMvcEndpointHandlerMapping - Mapped "{[/actuator/health],methods=[GET],produces=[application/vnd.spring-boot.actuator.v2+json || application/json]}" onto public java.lang.Object org.springframework.boot.actuate.endpoint.web.servlet.AbstractWebMvcEndpointHandlerMapping$OperationHandler.handle(javax.servlet.http.HttpServletRequest,java.util.Map<java.lang.String, java.lang.String>)
15:12:25.825 logback-mybatis [main] INFO  o.s.b.a.e.w.s.WebMvcEndpointHandlerMapping - Mapped "{[/actuator/info],methods=[GET],produces=[application/vnd.spring-boot.actuator.v2+json || application/json]}" onto public java.lang.Object org.springframework.boot.actuate.endpoint.web.servlet.AbstractWebMvcEndpointHandlerMapping$OperationHandler.handle(javax.servlet.http.HttpServletRequest,java.util.Map<java.lang.String, java.lang.String>)
15:12:25.826 logback-mybatis [main] INFO  o.s.b.a.e.w.s.WebMvcEndpointHandlerMapping - Mapped "{[/actuator],methods=[GET],produces=[application/vnd.spring-boot.actuator.v2+json || application/json]}" onto protected java.util.Map<java.lang.String, java.util.Map<java.lang.String, org.springframework.boot.actuate.endpoint.web.Link>> org.springframework.boot.actuate.endpoint.web.servlet.WebMvcEndpointHandlerMapping.links(javax.servlet.http.HttpServletRequest,javax.servlet.http.HttpServletResponse)
15:12:25.867 logback-mybatis [main] INFO  o.s.j.e.a.AnnotationMBeanExporter - Registering beans for JMX exposure on startup
15:12:25.869 logback-mybatis [main] INFO  o.s.j.e.a.AnnotationMBeanExporter - Bean with name 'dataSource' has been autodetected for JMX exposure
15:12:25.875 logback-mybatis [main] INFO  o.s.j.e.a.AnnotationMBeanExporter - Located MBean 'dataSource': registering with JMX server as MBean [com.zaxxer.hikari:name=dataSource,type=HikariDataSource]
15:12:25.887 logback-mybatis [main] INFO  o.a.coyote.http11.Http11NioProtocol - Starting ProtocolHandler ["http-nio-8081"]
15:12:25.897 logback-mybatis [main] INFO  o.a.tomcat.util.net.NioSelectorPool - Using a shared selector for servlet write/read
15:12:25.929 logback-mybatis [main] INFO  o.s.b.w.e.tomcat.TomcatWebServer - Tomcat started on port(s): 8081 (http) with context path ''
15:12:25.933 logback-mybatis [main] INFO  com.example.Demo2Application - Started Demo2Application in 6.534 seconds (JVM running for 7.244)
15:12:42.174 logback-mybatis [http-nio-8081-exec-2] INFO  o.a.c.c.C.[Tomcat].[localhost].[/] - Initializing Spring FrameworkServlet 'dispatcherServlet'
15:12:42.174 logback-mybatis [http-nio-8081-exec-2] INFO  o.s.web.servlet.DispatcherServlet - FrameworkServlet 'dispatcherServlet': initialization started
15:12:42.192 logback-mybatis [http-nio-8081-exec-2] INFO  o.s.web.servlet.DispatcherServlet - FrameworkServlet 'dispatcherServlet': initialization completed in 18 ms
15:15:11.710 logback-mybatis [main] INFO  com.example.Demo2Application - Starting Demo2Application on Stu1001 with PID 7060 (F:\wks-sts\demo2\target\classes started by Administrator in F:\wks-sts\demo2)
15:15:11.713 logback-mybatis [main] INFO  com.example.Demo2Application - No active profile set, falling back to default profiles: default
15:15:11.916 logback-mybatis [main] INFO  o.s.b.w.s.c.AnnotationConfigServletWebServerApplicationContext - Refreshing org.springframework.boot.web.servlet.context.AnnotationConfigServletWebServerApplicationContext@74fe5c40: startup date [Mon Aug 13 15:15:11 CST 2018]; root of context hierarchy
15:15:13.919 logback-mybatis [main] INFO  o.s.c.s.PostProcessorRegistrationDelegate$BeanPostProcessorChecker - Bean 'org.springframework.transaction.annotation.ProxyTransactionManagementConfiguration' of type [org.springframework.transaction.annotation.ProxyTransactionManagementConfiguration$$EnhancerBySpringCGLIB$$d7272804] is not eligible for getting processed by all BeanPostProcessors (for example: not eligible for auto-proxying)
15:15:14.632 logback-mybatis [main] INFO  o.s.b.w.e.tomcat.TomcatWebServer - Tomcat initialized with port(s): 8081 (http)
15:15:14.647 logback-mybatis [main] INFO  o.a.coyote.http11.Http11NioProtocol - Initializing ProtocolHandler ["http-nio-8081"]
15:15:14.674 logback-mybatis [main] INFO  o.a.catalina.core.StandardService - Starting service [Tomcat]
15:15:14.675 logback-mybatis [main] INFO  o.a.catalina.core.StandardEngine - Starting Servlet Engine: Apache Tomcat/8.5.32
15:15:14.692 logback-mybatis [localhost-startStop-1] INFO  o.a.c.core.AprLifecycleListener - The APR based Apache Tomcat Native library which allows optimal performance in production environments was not found on the java.library.path: [C:\Program Files\Java\jre1.8.0_151\bin;C:\Windows\Sun\Java\bin;C:\Windows\system32;C:\Windows;C:/Program Files/Java/jre1.8.0_151/bin/server;C:/Program Files/Java/jre1.8.0_151/bin;C:/Program Files/Java/jre1.8.0_151/lib/amd64;E:\app\Administrator\product\11.2.0\dbhome_1\bin;C:\ProgramData\Oracle\Java\javapath;C:\Windows\system32;C:\Windows;C:\Windows\System32\Wbem;C:\Windows\System32\WindowsPowerShell\v1.0\;.;C:\Program Files\Java\jdk1.8.0_151\bin;.;D:\apache-tomcat-9.0.10\lib;D:\apache-tomcat-9.0.10\lib\servlet-api.jar;D:\apache-tomcat-9.0.10\lib\jsp-api.jar;C:\Program Files\Git\cmd;C:\Program Files\TortoiseGit\bin;C:\Program Files\VisualSVN Server\bin;C:\Program Files\TortoiseSVN\bin;.;C:\maven\apache-maven-3.3.9\bin;F:\sts-bundle\sts-3.6.3.SR1;;.]
15:15:14.834 logback-mybatis [localhost-startStop-1] INFO  o.a.c.c.C.[Tomcat].[localhost].[/] - Initializing Spring embedded WebApplicationContext
15:15:14.834 logback-mybatis [localhost-startStop-1] INFO  o.s.web.context.ContextLoader - Root WebApplicationContext: initialization completed in 2918 ms
15:15:15.865 logback-mybatis [localhost-startStop-1] INFO  o.s.b.w.s.FilterRegistrationBean - Mapping filter: 'characterEncodingFilter' to: [/*]
15:15:15.866 logback-mybatis [localhost-startStop-1] INFO  o.s.b.w.s.FilterRegistrationBean - Mapping filter: 'webMvcMetricsFilter' to: [/*]
15:15:15.866 logback-mybatis [localhost-startStop-1] INFO  o.s.b.w.s.FilterRegistrationBean - Mapping filter: 'hiddenHttpMethodFilter' to: [/*]
15:15:15.866 logback-mybatis [localhost-startStop-1] INFO  o.s.b.w.s.FilterRegistrationBean - Mapping filter: 'httpPutFormContentFilter' to: [/*]
15:15:15.867 logback-mybatis [localhost-startStop-1] INFO  o.s.b.w.s.FilterRegistrationBean - Mapping filter: 'requestContextFilter' to: [/*]
15:15:15.868 logback-mybatis [localhost-startStop-1] INFO  o.s.b.w.s.FilterRegistrationBean - Mapping filter: 'httpTraceFilter' to: [/*]
15:15:15.868 logback-mybatis [localhost-startStop-1] INFO  o.s.b.w.s.ServletRegistrationBean - Servlet dispatcherServlet mapped to [/]
15:15:16.454 logback-mybatis [main] INFO  o.s.w.s.h.SimpleUrlHandlerMapping - Mapped URL path [/**/favicon.ico] onto handler of type [class org.springframework.web.servlet.resource.ResourceHttpRequestHandler]
15:15:16.637 logback-mybatis [main] INFO  o.s.w.s.m.m.a.RequestMappingHandlerAdapter - Looking for @ControllerAdvice: org.springframework.boot.web.servlet.context.AnnotationConfigServletWebServerApplicationContext@74fe5c40: startup date [Mon Aug 13 15:15:11 CST 2018]; root of context hierarchy
15:15:16.724 logback-mybatis [main] INFO  o.s.w.s.m.m.a.RequestMappingHandlerMapping - Mapped "{[/authors/{id}],methods=[GET]}" onto public com.example.model.Author com.example.controller.AuthorController.getOneAuthor(int)
15:15:16.726 logback-mybatis [main] INFO  o.s.w.s.m.m.a.RequestMappingHandlerMapping - Mapped "{[/authors],methods=[POST],consumes=[application/json]}" onto public int com.example.controller.AuthorController.addAuthor(com.example.model.Author)
15:15:16.727 logback-mybatis [main] INFO  o.s.w.s.m.m.a.RequestMappingHandlerMapping - Mapped "{[/authors],methods=[GET]}" onto public java.util.List<com.example.model.Author> com.example.controller.AuthorController.getAllAuthors()
15:15:16.727 logback-mybatis [main] INFO  o.s.w.s.m.m.a.RequestMappingHandlerMapping - Mapped "{[/authors/{id}],methods=[DELETE]}" onto public int com.example.controller.AuthorController.delAuthor(int)
15:15:16.731 logback-mybatis [main] INFO  o.s.w.s.m.m.a.RequestMappingHandlerMapping - Mapped "{[/error]}" onto public org.springframework.http.ResponseEntity<java.util.Map<java.lang.String, java.lang.Object>> org.springframework.boot.autoconfigure.web.servlet.error.BasicErrorController.error(javax.servlet.http.HttpServletRequest)
15:15:16.732 logback-mybatis [main] INFO  o.s.w.s.m.m.a.RequestMappingHandlerMapping - Mapped "{[/error],produces=[text/html]}" onto public org.springframework.web.servlet.ModelAndView org.springframework.boot.autoconfigure.web.servlet.error.BasicErrorController.errorHtml(javax.servlet.http.HttpServletRequest,javax.servlet.http.HttpServletResponse)
15:15:16.775 logback-mybatis [main] INFO  o.s.w.s.h.SimpleUrlHandlerMapping - Mapped URL path [/webjars/**] onto handler of type [class org.springframework.web.servlet.resource.ResourceHttpRequestHandler]
15:15:16.776 logback-mybatis [main] INFO  o.s.w.s.h.SimpleUrlHandlerMapping - Mapped URL path [/**] onto handler of type [class org.springframework.web.servlet.resource.ResourceHttpRequestHandler]
15:15:17.296 logback-mybatis [main] INFO  o.s.b.a.e.web.EndpointLinksResolver - Exposing 2 endpoint(s) beneath base path '/actuator'
15:15:17.323 logback-mybatis [main] INFO  o.s.b.a.e.w.s.WebMvcEndpointHandlerMapping - Mapped "{[/actuator/health],methods=[GET],produces=[application/vnd.spring-boot.actuator.v2+json || application/json]}" onto public java.lang.Object org.springframework.boot.actuate.endpoint.web.servlet.AbstractWebMvcEndpointHandlerMapping$OperationHandler.handle(javax.servlet.http.HttpServletRequest,java.util.Map<java.lang.String, java.lang.String>)
15:15:17.325 logback-mybatis [main] INFO  o.s.b.a.e.w.s.WebMvcEndpointHandlerMapping - Mapped "{[/actuator/info],methods=[GET],produces=[application/vnd.spring-boot.actuator.v2+json || application/json]}" onto public java.lang.Object org.springframework.boot.actuate.endpoint.web.servlet.AbstractWebMvcEndpointHandlerMapping$OperationHandler.handle(javax.servlet.http.HttpServletRequest,java.util.Map<java.lang.String, java.lang.String>)
15:15:17.325 logback-mybatis [main] INFO  o.s.b.a.e.w.s.WebMvcEndpointHandlerMapping - Mapped "{[/actuator],methods=[GET],produces=[application/vnd.spring-boot.actuator.v2+json || application/json]}" onto protected java.util.Map<java.lang.String, java.util.Map<java.lang.String, org.springframework.boot.actuate.endpoint.web.Link>> org.springframework.boot.actuate.endpoint.web.servlet.WebMvcEndpointHandlerMapping.links(javax.servlet.http.HttpServletRequest,javax.servlet.http.HttpServletResponse)
15:15:17.374 logback-mybatis [main] INFO  o.s.j.e.a.AnnotationMBeanExporter - Registering beans for JMX exposure on startup
15:15:17.376 logback-mybatis [main] INFO  o.s.j.e.a.AnnotationMBeanExporter - Bean with name 'dataSource' has been autodetected for JMX exposure
15:15:17.383 logback-mybatis [main] INFO  o.s.j.e.a.AnnotationMBeanExporter - Located MBean 'dataSource': registering with JMX server as MBean [com.zaxxer.hikari:name=dataSource,type=HikariDataSource]
15:15:17.406 logback-mybatis [main] INFO  o.a.coyote.http11.Http11NioProtocol - Starting ProtocolHandler ["http-nio-8081"]
15:15:17.416 logback-mybatis [main] INFO  o.a.tomcat.util.net.NioSelectorPool - Using a shared selector for servlet write/read
15:15:17.494 logback-mybatis [main] INFO  o.s.b.w.e.tomcat.TomcatWebServer - Tomcat started on port(s): 8081 (http) with context path ''
15:15:17.500 logback-mybatis [main] INFO  com.example.Demo2Application - Started Demo2Application in 6.891 seconds (JVM running for 7.616)
15:15:30.333 logback-mybatis [http-nio-8081-exec-2] INFO  o.a.c.c.C.[Tomcat].[localhost].[/] - Initializing Spring FrameworkServlet 'dispatcherServlet'
15:15:30.334 logback-mybatis [http-nio-8081-exec-2] INFO  o.s.web.servlet.DispatcherServlet - FrameworkServlet 'dispatcherServlet': initialization started
15:15:30.353 logback-mybatis [http-nio-8081-exec-2] INFO  o.s.web.servlet.DispatcherServlet - FrameworkServlet 'dispatcherServlet': initialization completed in 19 ms
15:16:56.091 logback-mybatis [http-nio-8081-exec-7] INFO  com.zaxxer.hikari.HikariDataSource - HikariPool-1 - Starting...
15:16:56.326 logback-mybatis [http-nio-8081-exec-7] INFO  com.zaxxer.hikari.HikariDataSource - HikariPool-1 - Start completed.
15:16:56.331 logback-mybatis [http-nio-8081-exec-7] DEBUG c.e.mapper.AuthorMapper.insertAuthor - ==>  Preparing: insert into author(name, phone) values(?,?) 
15:16:56.352 logback-mybatis [http-nio-8081-exec-7] DEBUG c.e.mapper.AuthorMapper.insertAuthor - ==> Parameters: (String), 654321(String)
15:16:56.387 logback-mybatis [http-nio-8081-exec-7] DEBUG c.e.mapper.AuthorMapper.insertAuthor - <==    Updates: 1
15:19:52.990 logback-mybatis [main] INFO  com.example.Demo2Application - Starting Demo2Application on Stu1001 with PID 7292 (F:\wks-sts\demo2\target\classes started by Administrator in F:\wks-sts\demo2)
15:19:52.994 logback-mybatis [main] INFO  com.example.Demo2Application - No active profile set, falling back to default profiles: default
15:19:53.135 logback-mybatis [main] INFO  o.s.b.w.s.c.AnnotationConfigServletWebServerApplicationContext - Refreshing org.springframework.boot.web.servlet.context.AnnotationConfigServletWebServerApplicationContext@10e31a9a: startup date [Mon Aug 13 15:19:53 CST 2018]; root of context hierarchy
15:19:54.881 logback-mybatis [main] INFO  o.s.c.s.PostProcessorRegistrationDelegate$BeanPostProcessorChecker - Bean 'org.springframework.transaction.annotation.ProxyTransactionManagementConfiguration' of type [org.springframework.transaction.annotation.ProxyTransactionManagementConfiguration$$EnhancerBySpringCGLIB$$2de7bd0f] is not eligible for getting processed by all BeanPostProcessors (for example: not eligible for auto-proxying)
15:19:55.479 logback-mybatis [main] INFO  o.s.b.w.e.tomcat.TomcatWebServer - Tomcat initialized with port(s): 8081 (http)
15:19:55.513 logback-mybatis [main] INFO  o.a.coyote.http11.Http11NioProtocol - Initializing ProtocolHandler ["http-nio-8081"]
15:19:55.525 logback-mybatis [main] INFO  o.a.catalina.core.StandardService - Starting service [Tomcat]
15:19:55.525 logback-mybatis [main] INFO  o.a.catalina.core.StandardEngine - Starting Servlet Engine: Apache Tomcat/8.5.32
15:19:55.569 logback-mybatis [localhost-startStop-1] INFO  o.a.c.core.AprLifecycleListener - The APR based Apache Tomcat Native library which allows optimal performance in production environments was not found on the java.library.path: [C:\Program Files\Java\jre1.8.0_151\bin;C:\Windows\Sun\Java\bin;C:\Windows\system32;C:\Windows;C:/Program Files/Java/jre1.8.0_151/bin/server;C:/Program Files/Java/jre1.8.0_151/bin;C:/Program Files/Java/jre1.8.0_151/lib/amd64;E:\app\Administrator\product\11.2.0\dbhome_1\bin;C:\ProgramData\Oracle\Java\javapath;C:\Windows\system32;C:\Windows;C:\Windows\System32\Wbem;C:\Windows\System32\WindowsPowerShell\v1.0\;.;C:\Program Files\Java\jdk1.8.0_151\bin;.;D:\apache-tomcat-9.0.10\lib;D:\apache-tomcat-9.0.10\lib\servlet-api.jar;D:\apache-tomcat-9.0.10\lib\jsp-api.jar;C:\Program Files\Git\cmd;C:\Program Files\TortoiseGit\bin;C:\Program Files\VisualSVN Server\bin;C:\Program Files\TortoiseSVN\bin;.;C:\maven\apache-maven-3.3.9\bin;F:\sts-bundle\sts-3.6.3.SR1;;.]
15:19:55.704 logback-mybatis [localhost-startStop-1] INFO  o.a.c.c.C.[Tomcat].[localhost].[/] - Initializing Spring embedded WebApplicationContext
15:19:55.704 logback-mybatis [localhost-startStop-1] INFO  o.s.web.context.ContextLoader - Root WebApplicationContext: initialization completed in 2569 ms
15:19:56.920 logback-mybatis [localhost-startStop-1] INFO  o.s.b.w.s.FilterRegistrationBean - Mapping filter: 'characterEncodingFilter' to: [/*]
15:19:56.921 logback-mybatis [localhost-startStop-1] INFO  o.s.b.w.s.FilterRegistrationBean - Mapping filter: 'webMvcMetricsFilter' to: [/*]
15:19:56.921 logback-mybatis [localhost-startStop-1] INFO  o.s.b.w.s.FilterRegistrationBean - Mapping filter: 'hiddenHttpMethodFilter' to: [/*]
15:19:56.921 logback-mybatis [localhost-startStop-1] INFO  o.s.b.w.s.FilterRegistrationBean - Mapping filter: 'httpPutFormContentFilter' to: [/*]
15:19:56.921 logback-mybatis [localhost-startStop-1] INFO  o.s.b.w.s.FilterRegistrationBean - Mapping filter: 'requestContextFilter' to: [/*]
15:19:56.922 logback-mybatis [localhost-startStop-1] INFO  o.s.b.w.s.FilterRegistrationBean - Mapping filter: 'httpTraceFilter' to: [/*]
15:19:56.922 logback-mybatis [localhost-startStop-1] INFO  o.s.b.w.s.ServletRegistrationBean - Servlet dispatcherServlet mapped to [/]
15:19:57.432 logback-mybatis [main] INFO  o.s.w.s.h.SimpleUrlHandlerMapping - Mapped URL path [/**/favicon.ico] onto handler of type [class org.springframework.web.servlet.resource.ResourceHttpRequestHandler]
15:19:57.705 logback-mybatis [main] INFO  o.s.w.s.m.m.a.RequestMappingHandlerAdapter - Looking for @ControllerAdvice: org.springframework.boot.web.servlet.context.AnnotationConfigServletWebServerApplicationContext@10e31a9a: startup date [Mon Aug 13 15:19:53 CST 2018]; root of context hierarchy
15:19:57.848 logback-mybatis [main] INFO  o.s.w.s.m.m.a.RequestMappingHandlerMapping - Mapped "{[/authors/{id}],methods=[GET]}" onto public com.example.model.Author com.example.controller.AuthorController.getOneAuthor(int)
15:19:57.849 logback-mybatis [main] INFO  o.s.w.s.m.m.a.RequestMappingHandlerMapping - Mapped "{[/authors],methods=[GET]}" onto public java.util.List<com.example.model.Author> com.example.controller.AuthorController.getAllAuthors()
15:19:57.850 logback-mybatis [main] INFO  o.s.w.s.m.m.a.RequestMappingHandlerMapping - Mapped "{[/authors],methods=[POST],consumes=[application/json]}" onto public int com.example.controller.AuthorController.addAuthor(com.example.model.Author)
15:19:57.850 logback-mybatis [main] INFO  o.s.w.s.m.m.a.RequestMappingHandlerMapping - Mapped "{[/authors/{id}],methods=[DELETE]}" onto public int com.example.controller.AuthorController.delAuthor(int)
15:19:57.853 logback-mybatis [main] INFO  o.s.w.s.m.m.a.RequestMappingHandlerMapping - Mapped "{[/error]}" onto public org.springframework.http.ResponseEntity<java.util.Map<java.lang.String, java.lang.Object>> org.springframework.boot.autoconfigure.web.servlet.error.BasicErrorController.error(javax.servlet.http.HttpServletRequest)
15:19:57.853 logback-mybatis [main] INFO  o.s.w.s.m.m.a.RequestMappingHandlerMapping - Mapped "{[/error],produces=[text/html]}" onto public org.springframework.web.servlet.ModelAndView org.springframework.boot.autoconfigure.web.servlet.error.BasicErrorController.errorHtml(javax.servlet.http.HttpServletRequest,javax.servlet.http.HttpServletResponse)
15:19:57.907 logback-mybatis [main] INFO  o.s.w.s.h.SimpleUrlHandlerMapping - Mapped URL path [/webjars/**] onto handler of type [class org.springframework.web.servlet.resource.ResourceHttpRequestHandler]
15:19:57.907 logback-mybatis [main] INFO  o.s.w.s.h.SimpleUrlHandlerMapping - Mapped URL path [/**] onto handler of type [class org.springframework.web.servlet.resource.ResourceHttpRequestHandler]
15:19:58.498 logback-mybatis [main] INFO  o.s.b.a.e.web.EndpointLinksResolver - Exposing 2 endpoint(s) beneath base path '/actuator'
15:19:58.507 logback-mybatis [main] INFO  o.s.b.a.e.w.s.WebMvcEndpointHandlerMapping - Mapped "{[/actuator/health],methods=[GET],produces=[application/vnd.spring-boot.actuator.v2+json || application/json]}" onto public java.lang.Object org.springframework.boot.actuate.endpoint.web.servlet.AbstractWebMvcEndpointHandlerMapping$OperationHandler.handle(javax.servlet.http.HttpServletRequest,java.util.Map<java.lang.String, java.lang.String>)
15:19:58.508 logback-mybatis [main] INFO  o.s.b.a.e.w.s.WebMvcEndpointHandlerMapping - Mapped "{[/actuator/info],methods=[GET],produces=[application/vnd.spring-boot.actuator.v2+json || application/json]}" onto public java.lang.Object org.springframework.boot.actuate.endpoint.web.servlet.AbstractWebMvcEndpointHandlerMapping$OperationHandler.handle(javax.servlet.http.HttpServletRequest,java.util.Map<java.lang.String, java.lang.String>)
15:19:58.509 logback-mybatis [main] INFO  o.s.b.a.e.w.s.WebMvcEndpointHandlerMapping - Mapped "{[/actuator],methods=[GET],produces=[application/vnd.spring-boot.actuator.v2+json || application/json]}" onto protected java.util.Map<java.lang.String, java.util.Map<java.lang.String, org.springframework.boot.actuate.endpoint.web.Link>> org.springframework.boot.actuate.endpoint.web.servlet.WebMvcEndpointHandlerMapping.links(javax.servlet.http.HttpServletRequest,javax.servlet.http.HttpServletResponse)
15:19:58.557 logback-mybatis [main] INFO  o.s.j.e.a.AnnotationMBeanExporter - Registering beans for JMX exposure on startup
15:19:58.559 logback-mybatis [main] INFO  o.s.j.e.a.AnnotationMBeanExporter - Bean with name 'dataSource' has been autodetected for JMX exposure
15:19:58.564 logback-mybatis [main] INFO  o.s.j.e.a.AnnotationMBeanExporter - Located MBean 'dataSource': registering with JMX server as MBean [com.zaxxer.hikari:name=dataSource,type=HikariDataSource]
15:19:58.579 logback-mybatis [main] INFO  o.a.coyote.http11.Http11NioProtocol - Starting ProtocolHandler ["http-nio-8081"]
15:19:58.591 logback-mybatis [main] INFO  o.a.tomcat.util.net.NioSelectorPool - Using a shared selector for servlet write/read
15:19:58.672 logback-mybatis [main] INFO  o.s.b.w.e.tomcat.TomcatWebServer - Tomcat started on port(s): 8081 (http) with context path ''
15:19:58.678 logback-mybatis [main] INFO  com.example.Demo2Application - Started Demo2Application in 6.692 seconds (JVM running for 7.429)
15:20:02.690 logback-mybatis [http-nio-8081-exec-2] INFO  o.a.c.c.C.[Tomcat].[localhost].[/] - Initializing Spring FrameworkServlet 'dispatcherServlet'
15:20:02.691 logback-mybatis [http-nio-8081-exec-2] INFO  o.s.web.servlet.DispatcherServlet - FrameworkServlet 'dispatcherServlet': initialization started
15:20:02.712 logback-mybatis [http-nio-8081-exec-2] INFO  o.s.web.servlet.DispatcherServlet - FrameworkServlet 'dispatcherServlet': initialization completed in 19 ms
15:20:02.876 logback-mybatis [http-nio-8081-exec-2] INFO  com.zaxxer.hikari.HikariDataSource - HikariPool-1 - Starting...
15:20:03.152 logback-mybatis [http-nio-8081-exec-2] INFO  com.zaxxer.hikari.HikariDataSource - HikariPool-1 - Start completed.
15:20:03.168 logback-mybatis [http-nio-8081-exec-2] DEBUG c.e.mapper.AuthorMapper.insertAuthor - ==>  Preparing: insert into author(name, phone) values(?,?) 
15:20:03.193 logback-mybatis [http-nio-8081-exec-2] DEBUG c.e.mapper.AuthorMapper.insertAuthor - ==> Parameters: (String), 654321(String)
15:20:03.227 logback-mybatis [http-nio-8081-exec-2] DEBUG c.e.mapper.AuthorMapper.insertAuthor - <==    Updates: 1
15:21:57.932 logback-mybatis [http-nio-8081-exec-10] DEBUG c.e.mapper.AuthorMapper.deleteAuthor - ==>  Preparing: delete from author where id=? 
15:21:57.933 logback-mybatis [http-nio-8081-exec-10] DEBUG c.e.mapper.AuthorMapper.deleteAuthor - ==> Parameters: 3(Integer)
15:21:57.986 logback-mybatis [http-nio-8081-exec-10] DEBUG c.e.mapper.AuthorMapper.deleteAuthor - <==    Updates: 1
